<?xml version="1.0" encoding="UTF-8" ?>
<testsuite errors="0" failures="0" hostname="jakub" name="neighborhood.RandomNeighborsGeneratorTest" skipped="0" tests="2" time="0.209" timestamp="2016-05-31T14:50:42">
  <properties>
[...]
</properties>
  <testcase classname="neighborhood.RandomNeighborsGeneratorTest" name="testGeneratedNeighborHasRightStacks" time="0.015" />
  <testcase classname="neighborhood.RandomNeighborsGeneratorTest" name="testGeneratedNeighborIsNotTheSame" time="0.001" />
  <system-out><![CDATA[]]></system-out>
  <system-err><![CDATA[]]></system-err>
</testsuite>
